<?xml version="1.0" encoding="UTF-8"?>
<!-- Generated by org.testng.reporters.JUnitReportReporter -->
<testsuite hostname="HYLCAPITAL4701" failures="0" tests="3" name="com.qa.testscripts.AutomationPandaScenario" time="0.000" errors="0" timestamp="2023-06-04T23:48:09 IST" skipped="3">
  <testcase classname="com.qa.testscripts.AutomationPandaScenario" name="verifyhometitle" time="0.000">
    <skipped/>
  </testcase> <!-- verifyhometitle -->
  <system-out/>
  <testcase classname="com.qa.testscripts.AutomationPandaScenario" name="verifycontacttitle" time="0.000">
    <skipped/>
  </testcase> <!-- verifycontacttitle -->
  <system-out/>
  <testcase classname="com.qa.testscripts.AutomationPandaScenario" name="checkmessagesent" time="0.000">
    <skipped/>
  </testcase> <!-- checkmessagesent -->
  <system-out/>
</testsuite> <!-- com.qa.testscripts.AutomationPandaScenario -->
